
Warning: The allowCypressEnv configuration option is enabled. This allows any browser code to read values from Cypress.env(). This is insecure and will be removed in a future major version.

1. Replace Cypress.env() calls with cy.env() (for sensitive values) or Cypress.expose() (for public configuration)
2. Set allowCypressEnv: false in your Cypress configuration to disable Cypress.env()

Learn more: https://on.cypress.io/cypress-env-migration


====================================================================================================

  (Run Starting)

  횚철챤횚철횉횚철횉횚철횉횚철횉횚철횉횚철횉횚철횉횚철횉횚철횉횚철횉횚철횉횚철횉횚철횉횚철횉횚철횉횚철횉횚철횉횚철횉횚철횉횚철횉횚철횉횚철횉횚철횉횚철횉횚철횉횚철횉횚철횉횚철횉횚철횉횚철횉횚철횉횚철횉횚철횉횚철횉횚철횉횚철횉횚철횉횚철횉횚철횉횚철횉횚철횉횚철횉횚철횉횚철횉횚철횉횚철횉횚철횉횚철횉횚철횉횚철횉횚철횉횚철횉횚철횉횚철횉횚철횉횚철횉횚철횉횚철횉횚철횉횚철횉횚철횉횚철횉횚철횉횚철횉횚철횉횚철횉횚철횉횚철횉횚철횉횚철횉횚철횉횚철횉횚철횉횚철횉횚철횉횚철횉횚철횉횚철횉횚철횉횚철횉횚철횉횚철횉횚철횉횚철횉횚철횉횚철횉횚철횉횚철횉횚철횉횚철횉횚철횉횚철횉횚철횉횚철횉횚철횉횚철횉횚철횋
  횚철챕 Cypress:        15.14.0                                                                        횚철챕
  횚철챕 Browser:        Electron 138 (headless)                                                        횚철챕
  횚철챕 Node Version:   v24.13.1 (C:\Program Files\nodejs\node.exe)                                    횚철챕
  횚철챕 Specs:          5 found (create-pet.cy.js, delete-pet.cy.js, find-pet.cy.js, get-pet.cy.js, up 횚철챕
  횚철챕                 date-pet.cy.js)                                                                횚철챕
  횚철챕 Searched:       C:\Users\Acer\Downloads\Teste-AI\cypress\e2e\**\*.cy.js                        횚철챕
  횚철철횚철횉횚철횉횚철횉횚철횉횚철횉횚철횉횚철횉횚철횉횚철횉횚철횉횚철횉횚철횉횚철횉횚철횉횚철횉횚철횉횚철횉횚철횉횚철횉횚철횉횚철횉횚철횉횚철횉횚철횉횚철횉횚철횉횚철횉횚철횉횚철횉횚철횉횚철횉횚철횉횚철횉횚철횉횚철횉횚철횉횚철횉횚철횉횚철횉횚철횉횚철횉횚철횉횚철횉횚철횉횚철횉횚철횉횚철횉횚철횉횚철횉횚철횉횚철횉횚철횉횚철횉횚철횉횚철횉횚철횉횚철횉횚철횉횚철횉횚철횉횚철횉횚철횉횚철횉횚철횉횚철횉횚철횉횚철횉횚철횉횚철횉횚철횉횚철횉횚철횉횚철횉횚철횉횚철횉횚철횉횚철횉횚철횉횚철횉횚철횉횚철횉횚철횉횚철횉횚철횉횚철횉횚철횉횚철횉횚철횉횚철횉횚철횉횚철횉횚철횉횚철횉횚철횉횚철횉횚철횉횚철첼


횚철횉횚철횉횚철횉횚철횉횚철횉횚철횉횚철횉횚철횉횚철횉횚철횉횚철횉횚철횉횚철횉횚철횉횚철횉횚철횉횚철횉횚철횉횚철횉횚철횉횚철횉횚철횉횚철횉횚철횉횚철횉횚철횉횚철횉횚철횉횚철횉횚철횉횚철횉횚철횉횚철횉횚철횉횚철횉횚철횉횚철횉횚철횉횚철횉횚철횉횚철횉횚철횉횚철횉횚철횉횚철횉횚철횉횚철횉횚철횉횚철횉횚철횉횚철횉횚철횉횚철횉횚철횉횚철횉횚철횉횚철횉횚철횉횚철횉횚철횉횚철횉횚철횉횚철횉횚철횉횚철횉횚철횉횚철횉횚철횉횚철횉횚철횉횚철횉횚철횉횚철횉횚철횉횚철횉횚철횉횚철횉횚철횉횚철횉횚철횉횚철횉횚철횉횚철횉횚철횉횚철횉횚철횉횚철횉횚철횉횚철횉횚철횉횚철횉횚철횉횚철횉횚철횉횚철횉횚철횉횚철횉횚철횉횚철횉횚철횉
                                                                                                    
  Running:  create-pet.cy.js                                                                (1 of 5)


  PetStore API - Create Pet
    횚챗횥 should create a new pet successfully (853ms)
    횚챗횥 should create a pet with a valid category and tags (176ms)


  2 passing (1s)


  (Results)

  횚철챤횚철횉횚철횉횚철횉횚철횉횚철횉횚철횉횚철횉횚철횉횚철횉횚철횉횚철횉횚철횉횚철횉횚철횉횚철횉횚철횉횚철횉횚철횉횚철횉횚철횉횚철횉횚철횉횚철횉횚철횉횚철횉횚철횉횚철횉횚철횉횚철횉횚철횉횚철횉횚철횉횚철횉횚철횉횚철횉횚철횉횚철횉횚철횉횚철횉횚철횉횚철횉횚철횉횚철횉횚철횉횚철횉횚철횉횚철횉횚철횉횚철횉횚철횉횚철횉횚철횉횚철횉횚철횉횚철횉횚철횉횚철횉횚철횉횚철횉횚철횉횚철횉횚철횉횚철횉횚철횉횚철횉횚철횉횚철횉횚철횉횚철횉횚철횉횚철횉횚철횉횚철횉횚철횉횚철횉횚철횉횚철횉횚철횉횚철횉횚철횉횚철횉횚철횉횚철횉횚철횉횚철횉횚철횉횚철횉횚철횉횚철횉횚철횉횚철횉횚철횉횚철횉횚철횉횚철횉횚철횉횚철횋
  횚철챕 Tests:        2                                                                                횚철챕
  횚철챕 Passing:      2                                                                                횚철챕
  횚철챕 Failing:      0                                                                                횚철챕
  횚철챕 Pending:      0                                                                                횚철챕
  횚철챕 Skipped:      0                                                                                횚철챕
  횚철챕 Screenshots:  0                                                                                횚철챕
  횚철챕 Video:        false                                                                            횚철챕
  횚철챕 Duration:     1 second                                                                         횚철챕
  횚철챕 Spec Ran:     create-pet.cy.js                                                                 횚철챕
  횚철철횚철횉횚철횉횚철횉횚철횉횚철횉횚철횉횚철횉횚철횉횚철횉횚철횉횚철횉횚철횉횚철횉횚철횉횚철횉횚철횉횚철횉횚철횉횚철횉횚철횉횚철횉횚철횉횚철횉횚철횉횚철횉횚철횉횚철횉횚철횉횚철횉횚철횉횚철횉횚철횉횚철횉횚철횉횚철횉횚철횉횚철횉횚철횉횚철횉횚철횉횚철횉횚철횉횚철횉횚철횉횚철횉횚철횉횚철횉횚철횉횚철횉횚철횉횚철횉횚철횉횚철횉횚철횉횚철횉횚철횉횚철횉횚철횉횚철횉횚철횉횚철횉횚철횉횚철횉횚철횉횚철횉횚철횉횚철횉횚철횉횚철횉횚철횉횚철횉횚철횉횚철횉횚철횉횚철횉횚철횉횚철횉횚철횉횚철횉횚철횉횚철횉횚철횉횚철횉횚철횉횚철횉횚철횉횚철횉횚철횉횚철횉횚철횉횚철횉횚철횉횚철횉횚철횉횚철횉횚철횉횚철첼


횚철횉횚철횉횚철횉횚철횉횚철횉횚철횉횚철횉횚철횉횚철횉횚철횉횚철횉횚철횉횚철횉횚철횉횚철횉횚철횉횚철횉횚철횉횚철횉횚철횉횚철횉횚철횉횚철횉횚철횉횚철횉횚철횉횚철횉횚철횉횚철횉횚철횉횚철횉횚철횉횚철횉횚철횉횚철횉횚철횉횚철횉횚철횉횚철횉횚철횉횚철횉횚철횉횚철횉횚철횉횚철횉횚철횉횚철횉횚철횉횚철횉횚철횉횚철횉횚철횉횚철횉횚철횉횚철횉횚철횉횚철횉횚철횉횚철횉횚철횉횚철횉횚철횉횚철횉횚철횉횚철횉횚철횉횚철횉횚철횉횚철횉횚철횉횚철횉횚철횉횚철횉횚철횉횚철횉횚철횉횚철횉횚철횉횚철횉횚철횉횚철횉횚철횉횚철횉횚철횉횚철횉횚철횉횚철횉횚철횉횚철횉횚철횉횚철횉횚철횉횚철횉횚철횉횚철횉횚철횉횚철횉횚철횉횚철횉횚철횉
                                                                                                    
  Running:  delete-pet.cy.js                                                                (2 of 5)


  PetStore API - Delete Pet
    횚챗횥 should delete a pet by id (562ms)
    횚챗횥 should return 404 when deleting a pet that does not exist (223ms)


  2 passing (835ms)


  (Results)

  횚철챤횚철횉횚철횉횚철횉횚철횉횚철횉횚철횉횚철횉횚철횉횚철횉횚철횉횚철횉횚철횉횚철횉횚철횉횚철횉횚철횉횚철횉횚철횉횚철횉횚철횉횚철횉횚철횉횚철횉횚철횉횚철횉횚철횉횚철횉횚철횉횚철횉횚철횉횚철횉횚철횉횚철횉횚철횉횚철횉횚철횉횚철횉횚철횉횚철횉횚철횉횚철횉횚철횉횚철횉횚철횉횚철횉횚철횉횚철횉횚철횉횚철횉횚철횉횚철횉횚철횉횚철횉횚철횉횚철횉횚철횉횚철횉횚철횉횚철횉횚철횉횚철횉횚철횉횚철횉횚철횉횚철횉횚철횉횚철횉횚철횉횚철횉횚철횉횚철횉횚철횉횚철횉횚철횉횚철횉횚철횉횚철횉횚철횉횚철횉횚철횉횚철횉횚철횉횚철횉횚철횉횚철횉횚철횉횚철횉횚철횉횚철횉횚철횉횚철횉횚철횉횚철횉횚철횉횚철횉횚철횉횚철횋
  횚철챕 Tests:        2                                                                                횚철챕
  횚철챕 Passing:      2                                                                                횚철챕
  횚철챕 Failing:      0                                                                                횚철챕
  횚철챕 Pending:      0                                                                                횚철챕
  횚철챕 Skipped:      0                                                                                횚철챕
  횚철챕 Screenshots:  0                                                                                횚철챕
  횚철챕 Video:        false                                                                            횚철챕
  횚철챕 Duration:     0 seconds                                                                        횚철챕
  횚철챕 Spec Ran:     delete-pet.cy.js                                                                 횚철챕
  횚철철횚철횉횚철횉횚철횉횚철횉횚철횉횚철횉횚철횉횚철횉횚철횉횚철횉횚철횉횚철횉횚철횉횚철횉횚철횉횚철횉횚철횉횚철횉횚철횉횚철횉횚철횉횚철횉횚철횉횚철횉횚철횉횚철횉횚철횉횚철횉횚철횉횚철횉횚철횉횚철횉횚철횉횚철횉횚철횉횚철횉횚철횉횚철횉횚철횉횚철횉횚철횉횚철횉횚철횉횚철횉횚철횉횚철횉횚철횉횚철횉횚철횉횚철횉횚철횉횚철횉횚철횉횚철횉횚철횉횚철횉횚철횉횚철횉횚철횉횚철횉횚철횉횚철횉횚철횉횚철횉횚철횉횚철횉횚철횉횚철횉횚철횉횚철횉횚철횉횚철횉횚철횉횚철횉횚철횉횚철횉횚철횉횚철횉횚철횉횚철횉횚철횉횚철횉횚철횉횚철횉횚철횉횚철횉횚철횉횚철횉횚철횉횚철횉횚철횉횚철횉횚철횉횚철횉횚철횉횚철횉횚철첼


횚철횉횚철횉횚철횉횚철횉횚철횉횚철횉횚철횉횚철횉횚철횉횚철횉횚철횉횚철횉횚철횉횚철횉횚철횉횚철횉횚철횉횚철횉횚철횉횚철횉횚철횉횚철횉횚철횉횚철횉횚철횉횚철횉횚철횉횚철횉횚철횉횚철횉횚철횉횚철횉횚철횉횚철횉횚철횉횚철횉횚철횉횚철횉횚철횉횚철횉횚철횉횚철횉횚철횉횚철횉횚철횉횚철횉횚철횉횚철횉횚철횉횚철횉횚철횉횚철횉횚철횉횚철횉횚철횉횚철횉횚철횉횚철횉횚철횉횚철횉횚철횉횚철횉횚철횉횚철횉횚철횉횚철횉횚철횉횚철횉횚철횉횚철횉횚철횉횚철횉횚철횉횚철횉횚철횉횚철횉횚철횉횚철횉횚철횉횚철횉횚철횉횚철횉횚철횉횚철횉횚철횉횚철횉횚철횉횚철횉횚철횉횚철횉횚철횉횚철횉횚철횉횚철횉횚철횉횚철횉횚철횉횚철횉횚철횉횚철횉
                                                                                                    
  Running:  find-pet.cy.js                                                                  (3 of 5)


  PetStore API - Search Pets
    횚챗횥 should return pets filtered by status (919ms)
    횚챗횥 should return pets filtered by tag (358ms)


  2 passing (1s)


  (Results)

  횚철챤횚철횉횚철횉횚철횉횚철횉횚철횉횚철횉횚철횉횚철횉횚철횉횚철횉횚철횉횚철횉횚철횉횚철횉횚철횉횚철횉횚철횉횚철횉횚철횉횚철횉횚철횉횚철횉횚철횉횚철횉횚철횉횚철횉횚철횉횚철횉횚철횉횚철횉횚철횉횚철횉횚철횉횚철횉횚철횉횚철횉횚철횉횚철횉횚철횉횚철횉횚철횉횚철횉횚철횉횚철횉횚철횉횚철횉횚철횉횚철횉횚철횉횚철횉횚철횉횚철횉횚철횉횚철횉횚철횉횚철횉횚철횉횚철횉횚철횉횚철횉횚철횉횚철횉횚철횉횚철횉횚철횉횚철횉횚철횉횚철횉횚철횉횚철횉횚철횉횚철횉횚철횉횚철횉횚철횉횚철횉횚철횉횚철횉횚철횉횚철횉횚철횉횚철횉횚철횉횚철횉횚철횉횚철횉횚철횉횚철횉횚철횉횚철횉횚철횉횚철횉횚철횉횚철횉횚철횉횚철횉횚철횋
  횚철챕 Tests:        2                                                                                횚철챕
  횚철챕 Passing:      2                                                                                횚철챕
  횚철챕 Failing:      0                                                                                횚철챕
  횚철챕 Pending:      0                                                                                횚철챕
  횚철챕 Skipped:      0                                                                                횚철챕
  횚철챕 Screenshots:  0                                                                                횚철챕
  횚철챕 Video:        false                                                                            횚철챕
  횚철챕 Duration:     1 second                                                                         횚철챕
  횚철챕 Spec Ran:     find-pet.cy.js                                                                   횚철챕
  횚철철횚철횉횚철횉횚철횉횚철횉횚철횉횚철횉횚철횉횚철횉횚철횉횚철횉횚철횉횚철횉횚철횉횚철횉횚철횉횚철횉횚철횉횚철횉횚철횉횚철횉횚철횉횚철횉횚철횉횚철횉횚철횉횚철횉횚철횉횚철횉횚철횉횚철횉횚철횉횚철횉횚철횉횚철횉횚철횉횚철횉횚철횉횚철횉횚철횉횚철횉횚철횉횚철횉횚철횉횚철횉횚철횉횚철횉횚철횉횚철횉횚철횉횚철횉횚철횉횚철횉횚철횉횚철횉횚철횉횚철횉횚철횉횚철횉횚철횉횚철횉횚철횉횚철횉횚철횉횚철횉횚철횉횚철횉횚철횉횚철횉횚철횉횚철횉횚철횉횚철횉횚철횉횚철횉횚철횉횚철횉횚철횉횚철횉횚철횉횚철횉횚철횉횚철횉횚철횉횚철횉횚철횉횚철횉횚철횉횚철횉횚철횉횚철횉횚철횉횚철횉횚철횉횚철횉횚철횉횚철횉횚철첼


횚철횉횚철횉횚철횉횚철횉횚철횉횚철횉횚철횉횚철횉횚철횉횚철횉횚철횉횚철횉횚철횉횚철횉횚철횉횚철횉횚철횉횚철횉횚철횉횚철횉횚철횉횚철횉횚철횉횚철횉횚철횉횚철횉횚철횉횚철횉횚철횉횚철횉횚철횉횚철횉횚철횉횚철횉횚철횉횚철횉횚철횉횚철횉횚철횉횚철횉횚철횉횚철횉횚철횉횚철횉횚철횉횚철횉횚철횉횚철횉횚철횉횚철횉횚철횉횚철횉횚철횉횚철횉횚철횉횚철횉횚철횉횚철횉횚철횉횚철횉횚철횉횚철횉횚철횉횚철횉횚철횉횚철횉횚철횉횚철횉횚철횉횚철횉횚철횉횚철횉횚철횉횚철횉횚철횉횚철횉횚철횉횚철횉횚철횉횚철횉횚철횉횚철횉횚철횉횚철횉횚철횉횚철횉횚철횉횚철횉횚철횉횚철횉횚철횉횚철횉횚철횉횚철횉횚철횉횚철횉횚철횉횚철횉횚철횉횚철횉
                                                                                                    
  Running:  get-pet.cy.js                                                                   (4 of 5)


  PetStore API - Get Pet
    횚챗횥 should retrieve a pet by id (420ms)
    횚챗횥 should return 404 for a pet that does not exist (210ms)


  2 passing (703ms)


  (Results)

  횚철챤횚철횉횚철횉횚철횉횚철횉횚철횉횚철횉횚철횉횚철횉횚철횉횚철횉횚철횉횚철횉횚철횉횚철횉횚철횉횚철횉횚철횉횚철횉횚철횉횚철횉횚철횉횚철횉횚철횉횚철횉횚철횉횚철횉횚철횉횚철횉횚철횉횚철횉횚철횉횚철횉횚철횉횚철횉횚철횉횚철횉횚철횉횚철횉횚철횉횚철횉횚철횉횚철횉횚철횉횚철횉횚철횉횚철횉횚철횉횚철횉횚철횉횚철횉횚철횉횚철횉횚철횉횚철횉횚철횉횚철횉횚철횉횚철횉횚철횉횚철횉횚철횉횚철횉횚철횉횚철횉횚철횉횚철횉횚철횉횚철횉횚철횉횚철횉횚철횉횚철횉횚철횉횚철횉횚철횉횚철횉횚철횉횚철횉횚철횉횚철횉횚철횉횚철횉횚철횉횚철횉횚철횉횚철횉횚철횉횚철횉횚철횉횚철횉횚철횉횚철횉횚철횉횚철횉횚철횉횚철횉횚철횋
  횚철챕 Tests:        2                                                                                횚철챕
  횚철챕 Passing:      2                                                                                횚철챕
  횚철챕 Failing:      0                                                                                횚철챕
  횚철챕 Pending:      0                                                                                횚철챕
  횚철챕 Skipped:      0                                                                                횚철챕
  횚철챕 Screenshots:  0                                                                                횚철챕
  횚철챕 Video:        false                                                                            횚철챕
  횚철챕 Duration:     0 seconds                                                                        횚철챕
  횚철챕 Spec Ran:     get-pet.cy.js                                                                    횚철챕
  횚철철횚철횉횚철횉횚철횉횚철횉횚철횉횚철횉횚철횉횚철횉횚철횉횚철횉횚철횉횚철횉횚철횉횚철횉횚철횉횚철횉횚철횉횚철횉횚철횉횚철횉횚철횉횚철횉횚철횉횚철횉횚철횉횚철횉횚철횉횚철횉횚철횉횚철횉횚철횉횚철횉횚철횉횚철횉횚철횉횚철횉횚철횉횚철횉횚철횉횚철횉횚철횉횚철횉횚철횉횚철횉횚철횉횚철횉횚철횉횚철횉횚철횉횚철횉횚철횉횚철횉횚철횉횚철횉횚철횉횚철횉횚철횉횚철횉횚철횉횚철횉횚철횉횚철횉횚철횉횚철횉횚철횉횚철횉횚철횉횚철횉횚철횉횚철횉횚철횉횚철횉횚철횉횚철횉횚철횉횚철횉횚철횉횚철횉횚철횉횚철횉횚철횉횚철횉횚철횉횚철횉횚철횉횚철횉횚철횉횚철횉횚철횉횚철횉횚철횉횚철횉횚철횉횚철횉횚철횉횚철횉횚철첼


횚철횉횚철횉횚철횉횚철횉횚철횉횚철횉횚철횉횚철횉횚철횉횚철횉횚철횉횚철횉횚철횉횚철횉횚철횉횚철횉횚철횉횚철횉횚철횉횚철횉횚철횉횚철횉횚철횉횚철횉횚철횉횚철횉횚철횉횚철횉횚철횉횚철횉횚철횉횚철횉횚철횉횚철횉횚철횉횚철횉횚철횉횚철횉횚철횉횚철횉횚철횉횚철횉횚철횉횚철횉횚철횉횚철횉횚철횉횚철횉횚철횉횚철횉횚철횉횚철횉횚철횉횚철횉횚철횉횚철횉횚철횉횚철횉횚철횉횚철횉횚철횉횚철횉횚철횉횚철횉횚철횉횚철횉횚철횉횚철횉횚철횉횚철횉횚철횉횚철횉횚철횉횚철횉횚철횉횚철횉횚철횉횚철횉횚철횉횚철횉횚철횉횚철횉횚철횉횚철횉횚철횉횚철횉횚철횉횚철횉횚철횉횚철횉횚철횉횚철횉횚철횉횚철횉횚철횉횚철횉횚철횉횚철횉횚철횉횚철횉
                                                                                                    
  Running:  update-pet.cy.js                                                                (5 of 5)


  PetStore API - Update Pet
    횚챗횥 should update an existing pet with PUT (376ms)
    횚챗횥 should update pet status using form data (504ms)


  2 passing (934ms)


  (Results)

  횚철챤횚철횉횚철횉횚철횉횚철횉횚철횉횚철횉횚철횉횚철횉횚철횉횚철횉횚철횉횚철횉횚철횉횚철횉횚철횉횚철횉횚철횉횚철횉횚철횉횚철횉횚철횉횚철횉횚철횉횚철횉횚철횉횚철횉횚철횉횚철횉횚철횉횚철횉횚철횉횚철횉횚철횉횚철횉횚철횉횚철횉횚철횉횚철횉횚철횉횚철횉횚철횉횚철횉횚철횉횚철횉횚철횉횚철횉횚철횉횚철횉횚철횉횚철횉횚철횉횚철횉횚철횉횚철횉횚철횉횚철횉횚철횉횚철횉횚철횉횚철횉횚철횉횚철횉횚철횉횚철횉횚철횉횚철횉횚철횉횚철횉횚철횉횚철횉횚철횉횚철횉횚철횉횚철횉횚철횉횚철횉횚철횉횚철횉횚철횉횚철횉횚철횉횚철횉횚철횉횚철횉횚철횉횚철횉횚철횉횚철횉횚철횉횚철횉횚철횉횚철횉횚철횉횚철횉횚철횉횚철횉횚철횋
  횚철챕 Tests:        2                                                                                횚철챕
  횚철챕 Passing:      2                                                                                횚철챕
  횚철챕 Failing:      0                                                                                횚철챕
  횚철챕 Pending:      0                                                                                횚철챕
  횚철챕 Skipped:      0                                                                                횚철챕
  횚철챕 Screenshots:  0                                                                                횚철챕
  횚철챕 Video:        false                                                                            횚철챕
  횚철챕 Duration:     0 seconds                                                                        횚철챕
  횚철챕 Spec Ran:     update-pet.cy.js                                                                 횚철챕
  횚철철횚철횉횚철횉횚철횉횚철횉횚철횉횚철횉횚철횉횚철횉횚철횉횚철횉횚철횉횚철횉횚철횉횚철횉횚철횉횚철횉횚철횉횚철횉횚철횉횚철횉횚철횉횚철횉횚철횉횚철횉횚철횉횚철횉횚철횉횚철횉횚철횉횚철횉횚철횉횚철횉횚철횉횚철횉횚철횉횚철횉횚철횉횚철횉횚철횉횚철횉횚철횉횚철횉횚철횉횚철횉횚철횉횚철횉횚철횉횚철횉횚철횉횚철횉횚철횉횚철횉횚철횉횚철횉횚철횉횚철횉횚철횉횚철횉횚철횉횚철횉횚철횉횚철횉횚철횉횚철횉횚철횉횚철횉횚철횉횚철횉횚철횉횚철횉횚철횉횚철횉횚철횉횚철횉횚철횉횚철횉횚철횉횚철횉횚철횉횚철횉횚철횉횚철횉횚철횉횚철횉횚철횉횚철횉횚철횉횚철횉횚철횉횚철횉횚철횉횚철횉횚철횉횚철횉횚철횉횚철횉횚철첼


====================================================================================================

  (Run Finished)


       Spec                                              Tests  Passing  Failing  Pending  Skipped  
  횚철챤횚철횉횚철횉횚철횉횚철횉횚철횉횚철횉횚철횉횚철횉횚철횉횚철횉횚철횉횚철횉횚철횉횚철횉횚철횉횚철횉횚철횉횚철횉횚철횉횚철횉횚철횉횚철횉횚철횉횚철횉횚철횉횚철횉횚철횉횚철횉횚철횉횚철횉횚철횉횚철횉횚철횉횚철횉횚철횉횚철횉횚철횉횚철횉횚철횉횚철횉횚철횉횚철횉횚철횉횚철횉횚철횉횚철횉횚철횉횚철횉횚철횉횚철횉횚철횉횚철횉횚철횉횚철횉횚철횉횚철횉횚철횉횚철횉횚철횉횚철횉횚철횉횚철횉횚철횉횚철횉횚철횉횚철횉횚철횉횚철횉횚철횉횚철횉횚철횉횚철횉횚철횉횚철횉횚철횉횚철횉횚철횉횚철횉횚철횉횚철횉횚철횉횚철횉횚철횉횚철횉횚철횉횚철횉횚철횉횚철횉횚철횉횚철횉횚철횉횚철횉횚철횉횚철횉횚철횉횚철횉횚철횋
  횚철챕 횚챗횥  create-pet.cy.js                         00:01        2        2        -        -        - 횚철챕
  횚철짙횚철횉횚철횉횚철횉횚철횉횚철횉횚철횉횚철횉횚철횉횚철횉횚철횉횚철횉횚철횉횚철횉횚철횉횚철횉횚철횉횚철횉횚철횉횚철횉횚철횉횚철횉횚철횉횚철횉횚철횉횚철횉횚철횉횚철횉횚철횉횚철횉횚철횉횚철횉횚철횉횚철횉횚철횉횚철횉횚철횉횚철횉횚철횉횚철횉횚철횉횚철횉횚철횉횚철횉횚철횉횚철횉횚철횉횚철횉횚철횉횚철횉횚철횉횚철횉횚철횉횚철횉횚철횉횚철횉횚철횉횚철횉횚철횉횚철횉횚철횉횚철횉횚철횉횚철횉횚철횉횚철횉횚철횉횚철횉횚철횉횚철횉횚철횉횚철횉횚철횉횚철횉횚철횉횚철횉횚철횉횚철횉횚철횉횚철횉횚철횉횚철횉횚철횉횚철횉횚철횉횚철횉횚철횉횚철횉횚철횉횚철횉횚철횉횚철횉횚철횉횚철횉횚철횉횚철횉횚철횉횚철챰
  횚철챕 횚챗횥  delete-pet.cy.js                         841ms        2        2        -        -        - 횚철챕
  횚철짙횚철횉횚철횉횚철횉횚철횉횚철횉횚철횉횚철횉횚철횉횚철횉횚철횉횚철횉횚철횉횚철횉횚철횉횚철횉횚철횉횚철횉횚철횉횚철횉횚철횉횚철횉횚철횉횚철횉횚철횉횚철횉횚철횉횚철횉횚철횉횚철횉횚철횉횚철횉횚철횉횚철횉횚철횉횚철횉횚철횉횚철횉횚철횉횚철횉횚철횉횚철횉횚철횉횚철횉횚철횉횚철횉횚철횉횚철횉횚철횉횚철횉횚철횉횚철횉횚철횉횚철횉횚철횉횚철횉횚철횉횚철횉횚철횉횚철횉횚철횉횚철횉횚철횉횚철횉횚철횉횚철횉횚철횉횚철횉횚철횉횚철횉횚철횉횚철횉횚철횉횚철횉횚철횉횚철횉횚철횉횚철횉횚철횉횚철횉횚철횉횚철횉횚철횉횚철횉횚철횉횚철횉횚철횉횚철횉횚철횉횚철횉횚철횉횚철횉횚철횉횚철횉횚철횉횚철횉횚철횉횚철챰
  횚철챕 횚챗횥  find-pet.cy.js                           00:01        2        2        -        -        - 횚철챕
  횚철짙횚철횉횚철횉횚철횉횚철횉횚철횉횚철횉횚철횉횚철횉횚철횉횚철횉횚철횉횚철횉횚철횉횚철횉횚철횉횚철횉횚철횉횚철횉횚철횉횚철횉횚철횉횚철횉횚철횉횚철횉횚철횉횚철횉횚철횉횚철횉횚철횉횚철횉횚철횉횚철횉횚철횉횚철횉횚철횉횚철횉횚철횉횚철횉횚철횉횚철횉횚철횉횚철횉횚철횉횚철횉횚철횉횚철횉횚철횉횚철횉횚철횉횚철횉횚철횉횚철횉횚철횉횚철횉횚철횉횚철횉횚철횉횚철횉횚철횉횚철횉횚철횉횚철횉횚철횉횚철횉횚철횉횚철횉횚철횉횚철횉횚철횉횚철횉횚철횉횚철횉횚철횉횚철횉횚철횉횚철횉횚철횉횚철횉횚철횉횚철횉횚철횉횚철횉횚철횉횚철횉횚철횉횚철횉횚철횉횚철횉횚철횉횚철횉횚철횉횚철횉횚철횉횚철횉횚철횉횚철횉횚철챰
  횚철챕 횚챗횥  get-pet.cy.js                            703ms        2        2        -        -        - 횚철챕
  횚철짙횚철횉횚철횉횚철횉횚철횉횚철횉횚철횉횚철횉횚철횉횚철횉횚철횉횚철횉횚철횉횚철횉횚철횉횚철횉횚철횉횚철횉횚철횉횚철횉횚철횉횚철횉횚철횉횚철횉횚철횉횚철횉횚철횉횚철횉횚철횉횚철횉횚철횉횚철횉횚철횉횚철횉횚철횉횚철횉횚철횉횚철횉횚철횉횚철횉횚철횉횚철횉횚철횉횚철횉횚철횉횚철횉횚철횉횚철횉횚철횉횚철횉횚철횉횚철횉횚철횉횚철횉횚철횉횚철횉횚철횉횚철횉횚철횉횚철횉횚철횉횚철횉횚철횉횚철횉횚철횉횚철횉횚철횉횚철횉횚철횉횚철횉횚철횉횚철횉횚철횉횚철횉횚철횉횚철횉횚철횉횚철횉횚철횉횚철횉횚철횉횚철횉횚철횉횚철횉횚철횉횚철횉횚철횉횚철횉횚철횉횚철횉횚철횉횚철횉횚철횉횚철횉횚철횉횚철횉횚철횉횚철챰
  횚철챕 횚챗횥  update-pet.cy.js                         938ms        2        2        -        -        - 횚철챕
  횚철철횚철횉횚철횉횚철횉횚철횉횚철횉횚철횉횚철횉횚철횉횚철횉횚철횉횚철횉횚철횉횚철횉횚철횉횚철횉횚철횉횚철횉횚철횉횚철횉횚철횉횚철횉횚철횉횚철횉횚철횉횚철횉횚철횉횚철횉횚철횉횚철횉횚철횉횚철횉횚철횉횚철횉횚철횉횚철횉횚철횉횚철횉횚철횉횚철횉횚철횉횚철횉횚철횉횚철횉횚철횉횚철횉횚철횉횚철횉횚철횉횚철횉횚철횉횚철횉횚철횉횚철횉횚철횉횚철횉횚철횉횚철횉횚철횉횚철횉횚철횉횚철횉횚철횉횚철횉횚철횉횚철횉횚철횉횚철횉횚철횉횚철횉횚철횉횚철횉횚철횉횚철횉횚철횉횚철횉횚철횉횚철횉횚철횉횚철횉횚철횉횚철횉횚철횉횚철횉횚철횉횚철횉횚철횉횚철횉횚철횉횚철횉횚철횉횚철횉횚철횉횚철횉횚철횉횚철횉횚철횉횚철첼
    횚챗횥  All specs passed!                        00:04       10       10        -        -        -  

